<?xml version="1.0" encoding="UTF-8" ?>
<testsuite tests="17" failures="0" name="com.lottoland.game.bsl.test.TestGame" time="0.005" errors="0" skipped="0">
  <properties>
    <property name="java.runtime.name" value="Java(TM) SE Runtime Environment"/>
    <property name="sun.boot.library.path" value="/home/keps/SW/jdk1.8.0_65/jre/lib/amd64"/>
    <property name="java.vm.version" value="25.65-b01"/>
    <property name="java.vm.vendor" value="Oracle Corporation"/>
    <property name="maven.multiModuleProjectDirectory" value="/home/keps/${workspace_loc:/Lottoland}"/>
    <property name="java.vendor.url" value="http://java.oracle.com/"/>
    <property name="path.separator" value=":"/>
    <property name="guice.disable.misplaced.annotation.check" value="true"/>
    <property name="java.vm.name" value="Java HotSpot(TM) 64-Bit Server VM"/>
    <property name="file.encoding.pkg" value="sun.io"/>
    <property name="user.country" value="US"/>
    <property name="sun.java.launcher" value="SUN_STANDARD"/>
    <property name="sun.os.patch.level" value="unknown"/>
    <property name="java.vm.specification.name" value="Java Virtual Machine Specification"/>
    <property name="user.dir" value="/home/keps/Documents/workspace-sts-3.7.1.RELEASE/Lottoland"/>
    <property name="java.runtime.version" value="1.8.0_65-b17"/>
    <property name="java.awt.graphicsenv" value="sun.awt.X11GraphicsEnvironment"/>
    <property name="java.endorsed.dirs" value="/home/keps/SW/jdk1.8.0_65/jre/lib/endorsed"/>
    <property name="os.arch" value="amd64"/>
    <property name="java.io.tmpdir" value="/tmp"/>
    <property name="line.separator" value="
"/>
    <property name="java.vm.specification.vendor" value="Oracle Corporation"/>
    <property name="os.name" value="Linux"/>
    <property name="maven.ext.class.path" value="/home/keps/SW/sts-bundle/sts-3.7.1.RELEASE/configuration/org.eclipse.osgi/24/0/.cp/:/home/keps/SW/sts-bundle/sts-3.7.1.RELEASE/configuration/org.eclipse.osgi/11/0/.cp/"/>
    <property name="classworlds.conf" value="/home/keps/Documents/workspace-sts-3.7.1.RELEASE/.metadata/.plugins/org.eclipse.m2e.launching/launches/m2conf1150772299200101363.tmp"/>
    <property name="sun.jnu.encoding" value="UTF-8"/>
    <property name="java.library.path" value="/usr/java/packages/lib/amd64:/usr/lib64:/lib64:/lib:/usr/lib"/>
    <property name="java.specification.name" value="Java Platform API Specification"/>
    <property name="java.class.version" value="52.0"/>
    <property name="sun.management.compiler" value="HotSpot 64-Bit Tiered Compilers"/>
    <property name="os.version" value="4.2.0-16-generic"/>
    <property name="user.home" value="/home/keps"/>
    <property name="user.timezone" value="Europe/Lisbon"/>
    <property name="java.awt.printerjob" value="sun.print.PSPrinterJob"/>
    <property name="java.specification.version" value="1.8"/>
    <property name="file.encoding" value="UTF-8"/>
    <property name="m2e.buildListener.launchId" value="059986b6-3d36-4c01-82f4-96f936af70dd"/>
    <property name="user.name" value="keps"/>
    <property name="java.class.path" value="/home/keps/SW/sts-bundle/sts-3.7.1.RELEASE/plugins/org.eclipse.m2e.maven.runtime_1.6.2.20150902-0001/jars/plexus-classworlds-2.5.2.jar"/>
    <property name="java.vm.specification.version" value="1.8"/>
    <property name="sun.arch.data.model" value="64"/>
    <property name="java.home" value="/home/keps/SW/jdk1.8.0_65/jre"/>
    <property name="sun.java.command" value="org.codehaus.plexus.classworlds.launcher.Launcher -B clean install"/>
    <property name="java.specification.vendor" value="Oracle Corporation"/>
    <property name="user.language" value="en"/>
    <property name="awt.toolkit" value="sun.awt.X11.XToolkit"/>
    <property name="java.vm.info" value="mixed mode"/>
    <property name="java.version" value="1.8.0_65"/>
    <property name="java.ext.dirs" value="/home/keps/SW/jdk1.8.0_65/jre/lib/ext:/usr/java/packages/lib/ext"/>
    <property name="securerandom.source" value="file:/dev/./urandom"/>
    <property name="sun.boot.class.path" value="/home/keps/SW/jdk1.8.0_65/jre/lib/resources.jar:/home/keps/SW/jdk1.8.0_65/jre/lib/rt.jar:/home/keps/SW/jdk1.8.0_65/jre/lib/sunrsasign.jar:/home/keps/SW/jdk1.8.0_65/jre/lib/jsse.jar:/home/keps/SW/jdk1.8.0_65/jre/lib/jce.jar:/home/keps/SW/jdk1.8.0_65/jre/lib/charsets.jar:/home/keps/SW/jdk1.8.0_65/jre/lib/jfr.jar:/home/keps/SW/jdk1.8.0_65/jre/classes"/>
    <property name="java.vendor" value="Oracle Corporation"/>
    <property name="maven.home" value="/home/keps/Documents/workspace-sts-3.7.1.RELEASE/Lottoland/EMBEDDED"/>
    <property name="file.separator" value="/"/>
    <property name="java.vendor.url.bug" value="http://bugreport.sun.com/bugreport/"/>
    <property name="sun.cpu.endian" value="little"/>
    <property name="sun.io.unicode.encoding" value="UnicodeLittle"/>
    <property name="m2e.buildListener.port" value="48117"/>
    <property name="sun.desktop" value="gnome"/>
    <property name="sun.cpu.isalist" value=""/>
  </properties>
  <testcase classname="com.lottoland.game.bsl.test.TestGame" name="ResetGameResults_aWins" time="0.003"/>
  <testcase classname="com.lottoland.game.bsl.test.TestGame" name="ResetGameResults_bWins" time="0"/>
  <testcase classname="com.lottoland.game.bsl.test.TestGame" name="ResetGameResults_draws" time="0"/>
  <testcase classname="com.lottoland.game.bsl.test.TestGame" name="GameConfigs" time="0"/>
  <testcase classname="com.lottoland.game.bsl.test.TestGame" name="GameConfigPlayerBBadConfiguration" time="0"/>
  <testcase classname="com.lottoland.game.bsl.test.TestGame" name="StartRoundRockWins" time="0"/>
  <testcase classname="com.lottoland.game.bsl.test.TestGame" name="StartRoundDraw" time="0"/>
  <testcase classname="com.lottoland.game.bsl.test.TestGame" name="StartRoundPaperWins" time="0"/>
  <testcase classname="com.lottoland.game.bsl.test.TestGame" name="StartRoundScissorsWins" time="0"/>
  <testcase classname="com.lottoland.game.bsl.test.TestGame" name="GameConfigZeroRounds" time="0"/>
  <testcase classname="com.lottoland.game.bsl.test.TestGame" name="GameConfigPlayerABadConfiguration" time="0"/>
  <testcase classname="com.lottoland.game.bsl.test.TestGame" name="GameConfigPlayerBRandomOption" time="0"/>
  <testcase classname="com.lottoland.game.bsl.test.TestGame" name="ResetGameConfigs" time="0"/>
  <testcase classname="com.lottoland.game.bsl.test.TestGame" name="GameConfigPlayerARandomOption" time="0"/>
  <testcase classname="com.lottoland.game.bsl.test.TestGame" name="StartRoundBadConfiguration" time="0.001"/>
  <testcase classname="com.lottoland.game.bsl.test.TestGame" name="GameConfigNullPlayerA" time="0"/>
  <testcase classname="com.lottoland.game.bsl.test.TestGame" name="GameConfigNullPlayerB" time="0.001"/>
</testsuite>